<?xml version="1.0" encoding="UTF-8"?><testsuites time="3.505"><testsuite name="Home page is ok." tests="2" failures="0" errors="0" time="3.505" timestamp="2019-05-23T20:35:29.789Z" package="test"><testcase name="Subject equals the expected value" classname="test" time="2.708"/><testcase name="Subject equals the expected value" classname="test" time="0.797"/><system-out><![CDATA[]]></system-out></testsuite></testsuites>